mktexpk --mfmode ljfour --bdpi 8000 --mag 1+0/8000 --dpi 8000 ecrm1728
mktexpk --mfmode ljfour --bdpi 8000 --mag 1+0/8000 --dpi 8000 ecss1728
mktexpk --mfmode ljfour --bdpi 8000 --mag 1+0/8000 --dpi 8000 ecrm1200
mktexpk --mfmode ljfour --bdpi 8000 --mag 1+0/8000 --dpi 8000 ecbx0900
mktexpk --mfmode ljfour --bdpi 8000 --mag 1+0/8000 --dpi 8000 ecrm0900
mktexpk --mfmode ljfour --bdpi 8000 --mag 1+0/8000 --dpi 8000 ecss0900
mktexpk --mfmode ljfour --bdpi 8000 --mag 1+0/8000 --dpi 8000 tcss0900
mktexpk --mfmode ljfour --bdpi 8000 --mag 1+0/8000 --dpi 8000 ecbx1440
mktexpk --mfmode ljfour --bdpi 8000 --mag 1+0/8000 --dpi 8000 ecrm1000
mktexpk --mfmode ljfour --bdpi 8000 --mag 1+0/8000 --dpi 8000 ecti1000
mktexpk --mfmode ljfour --bdpi 8000 --mag 1+0/8000 --dpi 8000 ecss1000
mktexpk --mfmode ljfour --bdpi 8000 --mag 1+0/8000 --dpi 8000 ectt0900
mktexpk --mfmode ljfour --bdpi 8000 --mag 1+0/8000 --dpi 8000 ectt1000
mktexpk --mfmode ljfour --bdpi 8000 --mag 1+0/8000 --dpi 8000 tcss1000
mktexpk --mfmode ljfour --bdpi 8000 --mag 1+0/8000 --dpi 8000 tctt0900
mktexpk --mfmode ljfour --bdpi 8000 --mag 1+0/8000 --dpi 8000 tcrm1000
mktexpk --mfmode ljfour --bdpi 8000 --mag 1+0/8000 --dpi 8000 ecbx1200
mktexpk --mfmode ljfour --bdpi 8000 --mag 1+0/8000 --dpi 8000 ecrm0700
mktexpk --mfmode ljfour --bdpi 8000 --mag 1+0/8000 --dpi 8000 ecbx1000
mktexpk --mfmode ljfour --bdpi 8000 --mag 1+0/8000 --dpi 8000 ecrb1000
mktexpk --mfmode ljfour --bdpi 8000 --mag 1+0/8000 --dpi 8000 ecrm0800
mktexpk --mfmode ljfour --bdpi 8000 --mag 1+0/8000 --dpi 8000 tcrb1000
